<?xml version="1.0" encoding="utf-8"?><testsuites name="pytest tests"><testsuite name="pytest" errors="0" failures="0" skipped="0" tests="11" time="2.034" timestamp="2026-03-11T19:34:04.332622+00:00" hostname="agent-env-4154f34b-adc9-4507-818b-51471f5f3bf4"><testcase classname="backend.tests.test_leituras_and_upload.TestHealthEndpoints" name="test_api_health" time="0.230" /><testcase classname="backend.tests.test_leituras_and_upload.TestHealthEndpoints" name="test_api_root" time="0.131" /><testcase classname="backend.tests.test_leituras_and_upload.TestLeiturasEndpoints" name="test_create_leitura" time="0.164" /><testcase classname="backend.tests.test_leituras_and_upload.TestLeiturasEndpoints" name="test_get_leituras_list" time="0.172" /><testcase classname="backend.tests.test_leituras_and_upload.TestLeiturasEndpoints" name="test_get_leituras_with_filter" time="0.116" /><testcase classname="backend.tests.test_leituras_and_upload.TestLeiturasEndpoints" name="test_delete_all_leituras" time="0.391" /><testcase classname="backend.tests.test_leituras_and_upload.TestImageUploadEndpoint" name="test_upload_image_png" time="0.184" /><testcase classname="backend.tests.test_leituras_and_upload.TestImageUploadEndpoint" name="test_upload_image_jpeg" time="0.126" /><testcase classname="backend.tests.test_leituras_and_upload.TestImageUploadEndpoint" name="test_upload_invalid_file_type" time="0.142" /><testcase classname="backend.tests.test_leituras_and_upload.TestMateriais" name="test_get_materiais" time="0.145" /><testcase classname="backend.tests.test_leituras_and_upload.TestSeedData" name="test_seed_endpoint" time="0.117" /></testsuite></testsuites>